<?xml version="1.0" encoding="UTF-8"?>
<!-- Generated by org.testng.reporters.JUnitReportReporter -->
<testsuite hostname="SDWA-200-PC" name="Base.Login" tests="1" failures="0" timestamp="26 Sep 2018 09:19:04 GMT" time="17.151" errors="0">
  <testcase name="login" time="17.151" classname="Base.Login"/>
</testsuite> <!-- Base.Login -->
